<?xml version="1.0" encoding="UTF-8"?>
<testng-results ignored="0" total="2" passed="2" failed="0" skipped="0">
  <reporter-output>
  </reporter-output>
  <suite started-at="2023-01-09T17:28:27 IST" name="Default suite" finished-at="2023-01-09T17:29:05 IST" duration-ms="38094">
    <groups>
    </groups>
    <test started-at="2023-01-09T17:28:27 IST" name="Default test" finished-at="2023-01-09T17:29:05 IST" duration-ms="38094">
      <class name="com.myntra.tests.MyntraTests">
        <test-method is-config="true" signature="setup()[pri:0, instance:com.myntra.tests.MyntraTests@2e6a8155]" started-at="2023-01-09T17:28:27 IST" name="setup" finished-at="2023-01-09T17:28:33 IST" duration-ms="6199" status="PASS">
          <reporter-output>
          </reporter-output>
        </test-method> <!-- setup -->
        <test-method signature="verifyAddToCartPage()[pri:0, instance:com.myntra.tests.MyntraTests@2e6a8155]" started-at="2023-01-09T17:28:33 IST" name="verifyAddToCartPage" finished-at="2023-01-09T17:28:55 IST" duration-ms="21568" status="PASS">
          <reporter-output>
          </reporter-output>
        </test-method> <!-- verifyAddToCartPage -->
        <test-method is-config="true" signature="tearDown()[pri:0, instance:com.myntra.tests.MyntraTests@2e6a8155]" started-at="2023-01-09T17:28:55 IST" name="tearDown" finished-at="2023-01-09T17:28:55 IST" duration-ms="470" status="PASS">
          <reporter-output>
          </reporter-output>
        </test-method> <!-- tearDown -->
        <test-method is-config="true" signature="setup()[pri:0, instance:com.myntra.tests.MyntraTests@2e6a8155]" started-at="2023-01-09T17:28:55 IST" name="setup" finished-at="2023-01-09T17:29:00 IST" duration-ms="5049" status="PASS">
          <reporter-output>
          </reporter-output>
        </test-method> <!-- setup -->
        <test-method signature="verifySearchPage()[pri:0, instance:com.myntra.tests.MyntraTests@2e6a8155]" started-at="2023-01-09T17:29:00 IST" name="verifySearchPage" finished-at="2023-01-09T17:29:05 IST" duration-ms="4324" status="PASS">
          <reporter-output>
          </reporter-output>
        </test-method> <!-- verifySearchPage -->
        <test-method is-config="true" signature="tearDown()[pri:0, instance:com.myntra.tests.MyntraTests@2e6a8155]" started-at="2023-01-09T17:29:05 IST" name="tearDown" finished-at="2023-01-09T17:29:05 IST" duration-ms="427" status="PASS">
          <reporter-output>
          </reporter-output>
        </test-method> <!-- tearDown -->
      </class> <!-- com.myntra.tests.MyntraTests -->
    </test> <!-- Default test -->
  </suite> <!-- Default suite -->
</testng-results>
